# JRE version: OpenJDK Runtime Environment (8.0_152-b01) (build 1.8.0_152-release-1248-b01)
# Java VM: OpenJDK 64-Bit Server VM (25.152-b01 mixed mode linux-amd64 compressed oops)
Heap:
 PSYoungGen      total 279040K, used 79491K [0x00000000eab00000, 0x00000000fd000000, 0x0000000100000000)
  eden space 258048K, 30% used [0x00000000eab00000,0x00000000ef8a0e00,0x00000000fa700000)
  from space 20992K, 0% used [0x00000000fbb80000,0x00000000fbb80000,0x00000000fd000000)
  to   space 20992K, 0% used [0x00000000fa700000,0x00000000fa700000,0x00000000fbb80000)
 ParOldGen       total 184832K, used 7641K [0x00000000c0000000, 0x00000000cb480000, 0x00000000eab00000)
  object space 184832K, 4% used [0x00000000c0000000,0x00000000c07765b0,0x00000000cb480000)
 Metaspace       used 27589K, capacity 28112K, committed 28288K, reserved 1073152K
  class space    used 3681K, capacity 3874K, committed 3968K, reserved 1048576K
GC Heap History (6 events):
Event: 1,371 GC heap before
{Heap before GC invocations=1 (full 0):
 PSYoungGen      total 150016K, used 128263K [0x00000000eab00000, 0x00000000f5200000, 0x0000000100000000)
  eden space 129024K, 99% used [0x00000000eab00000,0x00000000f2841ee0,0x00000000f2900000)
  from space 20992K, 0% used [0x00000000f3d80000,0x00000000f3d80000,0x00000000f5200000)
  to   space 20992K, 0% used [0x00000000f2900000,0x00000000f2900000,0x00000000f3d80000)
 ParOldGen       total 343040K, used 0K [0x00000000c0000000, 0x00000000d4f00000, 0x00000000eab00000)
  object space 343040K, 0% used [0x00000000c0000000,0x00000000c0000000,0x00000000d4f00000)
 Metaspace       used 19084K, capacity 19548K, committed 19712K, reserved 1067008K
  class space    used 2594K, capacity 2787K, committed 2816K, reserved 1048576K
Event: 1,398 GC heap after
Heap after GC invocations=1 (full 0):
 PSYoungGen      total 150016K, used 17160K [0x00000000eab00000, 0x00000000fd000000, 0x0000000100000000)
  eden space 129024K, 0% used [0x00000000eab00000,0x00000000eab00000,0x00000000f2900000)
  from space 20992K, 81% used [0x00000000f2900000,0x00000000f39c2048,0x00000000f3d80000)
  to   space 20992K, 0% used [0x00000000fbb80000,0x00000000fbb80000,0x00000000fd000000)
 ParOldGen       total 343040K, used 16K [0x00000000c0000000, 0x00000000d4f00000, 0x00000000eab00000)
  object space 343040K, 0% used [0x00000000c0000000,0x00000000c0004000,0x00000000d4f00000)
 Metaspace       used 19084K, capacity 19548K, committed 19712K, reserved 1067008K
  class space    used 2594K, capacity 2787K, committed 2816K, reserved 1048576K
}
Event: 1,597 GC heap before
{Heap before GC invocations=2 (full 0):
 PSYoungGen      total 150016K, used 33218K [0x00000000eab00000, 0x00000000fd000000, 0x0000000100000000)
  eden space 129024K, 12% used [0x00000000eab00000,0x00000000ebaaea98,0x00000000f2900000)
  from space 20992K, 81% used [0x00000000f2900000,0x00000000f39c2048,0x00000000f3d80000)
  to   space 20992K, 0% used [0x00000000fbb80000,0x00000000fbb80000,0x00000000fd000000)
 ParOldGen       total 343040K, used 16K [0x00000000c0000000, 0x00000000d4f00000, 0x00000000eab00000)
  object space 343040K, 0% used [0x00000000c0000000,0x00000000c0004000,0x00000000d4f00000)
 Metaspace       used 20696K, capacity 21102K, committed 21296K, reserved 1067008K
  class space    used 2748K, capacity 2919K, committed 2944K, reserved 1048576K
Event: 1,605 GC heap after
Heap after GC invocations=2 (full 0):
 PSYoungGen      total 279040K, used 7890K [0x00000000eab00000, 0x00000000fd000000, 0x0000000100000000)
  eden space 258048K, 0% used [0x00000000eab00000,0x00000000eab00000,0x00000000fa700000)
  from space 20992K, 37% used [0x00000000fbb80000,0x00000000fc334bf0,0x00000000fd000000)
  to   space 20992K, 0% used [0x00000000fa700000,0x00000000fa700000,0x00000000fbb80000)
 ParOldGen       total 343040K, used 24K [0x00000000c0000000, 0x00000000d4f00000, 0x00000000eab00000)
  object space 343040K, 0% used [0x00000000c0000000,0x00000000c0006000,0x00000000d4f00000)
 Metaspace       used 20696K, capacity 21102K, committed 21296K, reserved 1067008K
  class space    used 2748K, capacity 2919K, committed 2944K, reserved 1048576K
}
Event: 1,605 GC heap before
{Heap before GC invocations=3 (full 1):
 PSYoungGen      total 279040K, used 7890K [0x00000000eab00000, 0x00000000fd000000, 0x0000000100000000)
  eden space 258048K, 0% used [0x00000000eab00000,0x00000000eab00000,0x00000000fa700000)
  from space 20992K, 37% used [0x00000000fbb80000,0x00000000fc334bf0,0x00000000fd000000)
  to   space 20992K, 0% used [0x00000000fa700000,0x00000000fa700000,0x00000000fbb80000)
 ParOldGen       total 343040K, used 24K [0x00000000c0000000, 0x00000000d4f00000, 0x00000000eab00000)
  object space 343040K, 0% used [0x00000000c0000000,0x00000000c0006000,0x00000000d4f00000)
 Metaspace       used 20696K, capacity 21102K, committed 21296K, reserved 1067008K
  class space    used 2748K, capacity 2919K, committed 2944K, reserved 1048576K
Event: 1,631 GC heap after
Heap after GC invocations=3 (full 1):
 PSYoungGen      total 279040K, used 0K [0x00000000eab00000, 0x00000000fd000000, 0x0000000100000000)
  eden space 258048K, 0% used [0x00000000eab00000,0x00000000eab00000,0x00000000fa700000)
  from space 20992K, 0% used [0x00000000fbb80000,0x00000000fbb80000,0x00000000fd000000)
  to   space 20992K, 0% used [0x00000000fa700000,0x00000000fa700000,0x00000000fbb80000)
 ParOldGen       total 184832K, used 7641K [0x00000000c0000000, 0x00000000cb480000, 0x00000000eab00000)
  object space 184832K, 4% used [0x00000000c0000000,0x00000000c07765b0,0x00000000cb480000)
 Metaspace       used 20696K, capacity 21102K, committed 21296K, reserved 1067008K
  class space    used 2748K, capacity 2919K, committed 2944K, reserved 1048576K
}

