# JRE version: OpenJDK Runtime Environment (8.0_152-b01) (build 1.8.0_152-release-1248-b01)
# Java VM: OpenJDK 64-Bit Server VM (25.152-b01 mixed mode linux-amd64 compressed oops)
Heap:
 PSYoungGen      total 150016K, used 36008K [0x00000000eab00000, 0x00000000fd000000, 0x0000000100000000)
  eden space 129024K, 27% used [0x00000000eab00000,0x00000000ece2a290,0x00000000f2900000)
  from space 20992K, 0% used [0x00000000f2900000,0x00000000f2900000,0x00000000f3d80000)
  to   space 20992K, 0% used [0x00000000fbb80000,0x00000000fbb80000,0x00000000fd000000)
 ParOldGen       total 151040K, used 7816K [0x00000000c0000000, 0x00000000c9380000, 0x00000000eab00000)
  object space 151040K, 5% used [0x00000000c0000000,0x00000000c07a23f8,0x00000000c9380000)
 Metaspace       used 24072K, capacity 24712K, committed 24960K, reserved 1071104K
  class space    used 3119K, capacity 3331K, committed 3456K, reserved 1048576K
GC Heap History (8 events):
Event: 2,262 GC heap before
{Heap before GC invocations=1 (full 0):
 PSYoungGen      total 150016K, used 129024K [0x00000000eab00000, 0x00000000f5200000, 0x0000000100000000)
  eden space 129024K, 100% used [0x00000000eab00000,0x00000000f2900000,0x00000000f2900000)
  from space 20992K, 0% used [0x00000000f3d80000,0x00000000f3d80000,0x00000000f5200000)
  to   space 20992K, 0% used [0x00000000f2900000,0x00000000f2900000,0x00000000f3d80000)
 ParOldGen       total 343040K, used 0K [0x00000000c0000000, 0x00000000d4f00000, 0x00000000eab00000)
  object space 343040K, 0% used [0x00000000c0000000,0x00000000c0000000,0x00000000d4f00000)
 Metaspace       used 19997K, capacity 20442K, committed 20608K, reserved 1067008K
  class space    used 2692K, capacity 2837K, committed 2944K, reserved 1048576K
Event: 2,277 GC heap after
Heap after GC invocations=1 (full 0):
 PSYoungGen      total 150016K, used 16399K [0x00000000eab00000, 0x00000000f5200000, 0x0000000100000000)
  eden space 129024K, 0% used [0x00000000eab00000,0x00000000eab00000,0x00000000f2900000)
  from space 20992K, 78% used [0x00000000f2900000,0x00000000f3903ee0,0x00000000f3d80000)
  to   space 20992K, 0% used [0x00000000f3d80000,0x00000000f3d80000,0x00000000f5200000)
 ParOldGen       total 343040K, used 16K [0x00000000c0000000, 0x00000000d4f00000, 0x00000000eab00000)
  object space 343040K, 0% used [0x00000000c0000000,0x00000000c0004000,0x00000000d4f00000)
 Metaspace       used 19997K, capacity 20442K, committed 20608K, reserved 1067008K
  class space    used 2692K, capacity 2837K, committed 2944K, reserved 1048576K
}
Event: 2,522 GC heap before
{Heap before GC invocations=2 (full 0):
 PSYoungGen      total 150016K, used 145423K [0x00000000eab00000, 0x00000000f5200000, 0x0000000100000000)
  eden space 129024K, 100% used [0x00000000eab00000,0x00000000f2900000,0x00000000f2900000)
  from space 20992K, 78% used [0x00000000f2900000,0x00000000f3903ee0,0x00000000f3d80000)
  to   space 20992K, 0% used [0x00000000f3d80000,0x00000000f3d80000,0x00000000f5200000)
 ParOldGen       total 343040K, used 16K [0x00000000c0000000, 0x00000000d4f00000, 0x00000000eab00000)
  object space 343040K, 0% used [0x00000000c0000000,0x00000000c0004000,0x00000000d4f00000)
 Metaspace       used 20223K, capacity 20666K, committed 20864K, reserved 1067008K
  class space    used 2705K, capacity 2869K, committed 2944K, reserved 1048576K
Event: 2,535 GC heap after
Heap after GC invocations=2 (full 0):
 PSYoungGen      total 150016K, used 7292K [0x00000000eab00000, 0x00000000fd000000, 0x0000000100000000)
  eden space 129024K, 0% used [0x00000000eab00000,0x00000000eab00000,0x00000000f2900000)
  from space 20992K, 34% used [0x00000000f3d80000,0x00000000f449f218,0x00000000f5200000)
  to   space 20992K, 0% used [0x00000000f2900000,0x00000000f2900000,0x00000000f3d80000)
 ParOldGen       total 343040K, used 24K [0x00000000c0000000, 0x00000000d4f00000, 0x00000000eab00000)
  object space 343040K, 0% used [0x00000000c0000000,0x00000000c0006000,0x00000000d4f00000)
 Metaspace       used 20223K, capacity 20666K, committed 20864K, reserved 1067008K
  class space    used 2705K, capacity 2869K, committed 2944K, reserved 1048576K
}
Event: 2,589 GC heap before
{Heap before GC invocations=3 (full 0):
 PSYoungGen      total 150016K, used 14666K [0x00000000eab00000, 0x00000000fd000000, 0x0000000100000000)
  eden space 129024K, 5% used [0x00000000eab00000,0x00000000eb233760,0x00000000f2900000)
  from space 20992K, 34% used [0x00000000f3d80000,0x00000000f449f218,0x00000000f5200000)
  to   space 20992K, 0% used [0x00000000f2900000,0x00000000f2900000,0x00000000f3d80000)
 ParOldGen       total 343040K, used 24K [0x00000000c0000000, 0x00000000d4f00000, 0x00000000eab00000)
  object space 343040K, 0% used [0x00000000c0000000,0x00000000c0006000,0x00000000d4f00000)
 Metaspace       used 20787K, capacity 21210K, committed 21296K, reserved 1067008K
  class space    used 2753K, capacity 2901K, committed 2944K, reserved 1048576K
Event: 2,604 GC heap after
Heap after GC invocations=3 (full 0):
 PSYoungGen      total 150016K, used 8024K [0x00000000eab00000, 0x00000000fd000000, 0x0000000100000000)
  eden space 129024K, 0% used [0x00000000eab00000,0x00000000eab00000,0x00000000f2900000)
  from space 20992K, 38% used [0x00000000f2900000,0x00000000f30d62c0,0x00000000f3d80000)
  to   space 20992K, 0% used [0x00000000fbb80000,0x00000000fbb80000,0x00000000fd000000)
 ParOldGen       total 343040K, used 32K [0x00000000c0000000, 0x00000000d4f00000, 0x00000000eab00000)
  object space 343040K, 0% used [0x00000000c0000000,0x00000000c0008000,0x00000000d4f00000)
 Metaspace       used 20787K, capacity 21210K, committed 21296K, reserved 1067008K
  class space    used 2753K, capacity 2901K, committed 2944K, reserved 1048576K
}
Event: 2,604 GC heap before
{Heap before GC invocations=4 (full 1):
 PSYoungGen      total 150016K, used 8024K [0x00000000eab00000, 0x00000000fd000000, 0x0000000100000000)
  eden space 129024K, 0% used [0x00000000eab00000,0x00000000eab00000,0x00000000f2900000)
  from space 20992K, 38% used [0x00000000f2900000,0x00000000f30d62c0,0x00000000f3d80000)
  to   space 20992K, 0% used [0x00000000fbb80000,0x00000000fbb80000,0x00000000fd000000)
 ParOldGen       total 343040K, used 32K [0x00000000c0000000, 0x00000000d4f00000, 0x00000000eab00000)
  object space 343040K, 0% used [0x00000000c0000000,0x00000000c0008000,0x00000000d4f00000)
 Metaspace       used 20787K, capacity 21210K, committed 21296K, reserved 1067008K
  class space    used 2753K, capacity 2901K, committed 2944K, reserved 1048576K
Event: 2,630 GC heap after
Heap after GC invocations=4 (full 1):
 PSYoungGen      total 150016K, used 0K [0x00000000eab00000, 0x00000000fd000000, 0x0000000100000000)
  eden space 129024K, 0% used [0x00000000eab00000,0x00000000eab00000,0x00000000f2900000)
  from space 20992K, 0% used [0x00000000f2900000,0x00000000f2900000,0x00000000f3d80000)
  to   space 20992K, 0% used [0x00000000fbb80000,0x00000000fbb80000,0x00000000fd000000)
 ParOldGen       total 151040K, used 7816K [0x00000000c0000000, 0x00000000c9380000, 0x00000000eab00000)
  object space 151040K, 5% used [0x00000000c0000000,0x00000000c07a23f8,0x00000000c9380000)
 Metaspace       used 20787K, capacity 21210K, committed 21296K, reserved 1067008K
  class space    used 2753K, capacity 2901K, committed 2944K, reserved 1048576K
}

